Drill Listing
=============
Drill: .012  Tool: 1  Feed: 95  Speed: 300
X 57500  Y 68750
X 57500  Y 107500
X 55000  Y 112500
X 52500  Y 117500
X 48750  Y 125000
X 53750  Y 195000
X 53750  Y 235000
X 52500  Y 245000
X 11250  Y 250000
X 15000  Y 270000
X 61250  Y 258750
X 83750  Y 230000
X 78750  Y 226250
X 85000  Y 218750
X 68750  Y 216250
X 85000  Y 191250
X 62500  Y 102500
X 65000  Y 97500
X 67500  Y 92500
X 70000  Y 87500
X 65000  Y 85000
X 72500  Y 82500
X 75000  Y 77500
X 77500  Y 72500
X 73750  Y 53750
X 90000  Y 51250
X 133750  Y 51250
X 111250  Y 53750
X 130000  Y 57500
X 126250  Y 61250
X 111250  Y 66250
X 126250  Y 100000
X 130000  Y 102500
X 126250  Y 107500
X 86250  Y 125000
X 88750  Y 130000
X 132500  Y 133750
X 92500  Y 135000
X 128750  Y 138750
X 92500  Y 151250
X 86250  Y 155000
X 88750  Y 157500
X 91250  Y 166250
X 102500  Y 185000
X 117500  Y 197500
X 91250  Y 200000
X 95000  Y 217500
X 131250  Y 217500
X 112500  Y 218750
X 91250  Y 226250
X 120000  Y 232500
X 103750  Y 232500
X 148750  Y 240000
X 155000  Y 232500
X 181250  Y 223750
X 148750  Y 213750
X 161250  Y 207500
X 158750  Y 201250
X 176250  Y 190000
X 173750  Y 185000
X 163750  Y 181250
X 168750  Y 177500
X 166250  Y 163750
X 141250  Y 163750
X 163750  Y 161250
X 161250  Y 158750
X 136250  Y 157500
X 168750  Y 153750
X 171250  Y 151250
X 148750  Y 151250
X 173750  Y 148750
X 176250  Y 146250
X 167500  Y 145000
X 178750  Y 143750
X 181250  Y 141250
X 151250  Y 133750
X 148750  Y 107500
X 183750  Y 80000
X 155000  Y 72500
X 136250  Y 71250
X 178750  Y 63750
X 155000  Y 52500
X 198200  Y 50600
X 193900  Y 51000
X 207400  Y 53700
X 199500  Y 76300
X 208750  Y 97500
X 206250  Y 100000
X 203750  Y 102500
X 193750  Y 107500
X 201250  Y 112500
X 198750  Y 115000
X 196250  Y 117500
X 193750  Y 120000
X 191250  Y 122500
X 188750  Y 125000
X 186250  Y 127500
X 208750  Y 292500
X 203750  Y 313750
X 208750  Y 326250
X 216250  Y 326250
X 231250  Y 326250
X 223750  Y 326250
X 223750  Y 297500
X 216250  Y 295000
X 231250  Y 290000
X 220000  Y 287500
X 217500  Y 282500
X 217500  Y 277500
X 220000  Y 275000
X 222500  Y 272500
X 225000  Y 270000
X 226250  Y 245000
X 227500  Y 241250
X 232500  Y 238750
X 232500  Y 235000
X 235000  Y 232500
X 235000  Y 227500
X 231250  Y 197500
X 231250  Y 185000
X 231250  Y 156250
X 211250  Y 95000
X 213750  Y 92500
X 216250  Y 90000
X 218750  Y 87500
X 221250  Y 85000
X 223750  Y 82500
X 230000  Y 71500
X 215600  Y 53100
X 240625  Y 71250
X 240625  Y 76875
X 260000  Y 76875
X 260500  Y 92000
X 259500  Y 94500
X 260000  Y 100500
X 238750  Y 151250
X 238750  Y 185000
X 246250  Y 185000
X 238750  Y 197500
X 243750  Y 197500
X 241250  Y 217500
X 258750  Y 219375
X 238750  Y 220000
X 241250  Y 222500
X 237500  Y 225000
X 238750  Y 230000
X 261000  Y 234500
X 261000  Y 243000
X 243250  Y 252500
X 246250  Y 255000
X 242500  Y 257500
X 237500  Y 260000
X 242500  Y 313750
X 275000  Y 333750
X 270000  Y 332500
X 282500  Y 330000
X 280500  Y 310000
X 284000  Y 310000
X 263500  Y 309000
X 284000  Y 306000
X 263500  Y 306000
X 280500  Y 306000
X 263500  Y 243000
X 261250  Y 237500
X 269500  Y 235500
X 272500  Y 235500
X 266500  Y 235500
X 269500  Y 228000
X 262000  Y 226500
X 268000  Y 225500
X 271000  Y 225500
X 277500  Y 225000
X 279500  Y 223500
X 283000  Y 223500
X 261875  Y 222500
X 280000  Y 210000
X 282500  Y 210000
X 272500  Y 197500
X 263750  Y 197500
X 281500  Y 197500
X 281500  Y 194500
X 263500  Y 194500
X 272500  Y 194500
X 281500  Y 177500
X 281500  Y 173500
X 262000  Y 102500
X 270000  Y 94000
X 266500  Y 94000
X 273500  Y 94000
X 273000  Y 82500
X 270500  Y 82500
X 277500  Y 82500
X 279500  Y 81000
X 263125  Y 80000
X 282500  Y 80000
X 271500  Y 80000
X 266900  Y 79900
X 277500  Y 79500
X 282500  Y 66875
X 280000  Y 66875
X 281000  Y 55000
X 272500  Y 55000
X 263500  Y 55000
X 263500  Y 52500
X 281000  Y 52000
X 272500  Y 52000
X 290000  Y 52000
X 290000  Y 55000
X 298000  Y 72500
X 295500  Y 74000
X 298000  Y 75500
X 289000  Y 80000
X 291500  Y 81000
X 289000  Y 83000
X 291500  Y 112000
X 293000  Y 114500
X 290500  Y 114500
X 291500  Y 126500
X 294000  Y 128000
X 291500  Y 129500
X 298750  Y 183750
X 295000  Y 183750
X 296250  Y 186250
X 290000  Y 194000
X 290000  Y 197000
X 299000  Y 215000
X 301500  Y 216500
X 299000  Y 218000
X 287500  Y 223000
X 290500  Y 223000
X 289000  Y 225500
X 291000  Y 254000
X 289500  Y 256500
X 292500  Y 256500
X 293500  Y 269000
X 296000  Y 270500
X 293500  Y 272000
X 287500  Y 306000
X 287500  Y 310000
X 292500  Y 330000
X 375000  Y 297500
X 375000  Y 282500
X 375000  Y 267500
X 375000  Y 252500
X 375000  Y 237500
X 375000  Y 222500
X 375000  Y 207500
X 375000  Y 192500
X 336000  Y 181500
X 345000  Y 181500
X 340500  Y 181500
X 340500  Y 170000
X 342500  Y 167500
X 338750  Y 167500
X 375000  Y 153750
X 375000  Y 138750
X 375000  Y 123750
X 375000  Y 108750
X 375000  Y 93750
X 375000  Y 78750
X 375000  Y 63750
X 375000  Y 48750

Drill: .025  Tool: 2  Feed: 197  Speed: 550
X 215000  Y 18750
X 220000  Y 70000
X 215000  Y 75000
X 220000  Y 75000
X 245000  Y 340000
X 252500  Y 170000

Drill: .037  Tool: 3  Feed: 197  Speed: 550
X 410000  Y 60000
X 410000  Y 70000
X 410000  Y 80000
X 410000  Y 90000
X 410000  Y 100000
X 410000  Y 110000
X 410000  Y 120000
X 410000  Y 130000
X 410000  Y 202500
X 410000  Y 212500
X 410000  Y 222500
X 410000  Y 232500
X 410000  Y 242500
X 410000  Y 252500
X 410000  Y 262500
X 410000  Y 272500
X 420000  Y 272500
X 420000  Y 262500
X 420000  Y 252500
X 420000  Y 242500
X 420000  Y 232500
X 420000  Y 222500
X 420000  Y 212500
X 420000  Y 202500
X 420000  Y 130000
X 420000  Y 120000
X 420000  Y 110000
X 420000  Y 100000
X 420000  Y 90000
X 420000  Y 80000
X 420000  Y 70000
X 420000  Y 60000

Drill: .041  Tool: 4  Feed: 139  Speed: 550
X 22500  Y 45000
X 32500  Y 45000
X 22500  Y 55000
X 32500  Y 55000
X 22500  Y 65000
X 32500  Y 65000
X 22500  Y 75000
X 32500  Y 75000
X 22500  Y 85000
X 32500  Y 85000
X 22500  Y 95000
X 32500  Y 95000
X 22500  Y 105000
X 32500  Y 105000
X 22500  Y 115000
X 32500  Y 115000
X 22500  Y 125000
X 32500  Y 125000
X 22500  Y 135000
X 32500  Y 135000
X 22500  Y 145000
X 32500  Y 145000
X 22500  Y 155000
X 32500  Y 155000
X 22500  Y 165000
X 32500  Y 165000
X 22500  Y 175000
X 32500  Y 175000
X 22500  Y 185000
X 32500  Y 185000
X 22500  Y 195000
X 32500  Y 195000
X 22500  Y 205000
X 32500  Y 205000
X 22500  Y 215000
X 32500  Y 215000
X 22500  Y 225000
X 32500  Y 225000
X 22500  Y 235000
X 32500  Y 235000
X 22500  Y 245000
X 32500  Y 245000
X 22500  Y 255000
X 32500  Y 255000
X 22500  Y 265000
X 32500  Y 265000
X 22500  Y 275000
X 32500  Y 275000
X 22500  Y 285000
X 32500  Y 285000
X 22500  Y 295000
X 32500  Y 295000
X 22500  Y 305000
X 32500  Y 305000
X 22500  Y 315000
X 32500  Y 315000
X 22500  Y 325000
X 32500  Y 325000
X 22500  Y 335000
X 32500  Y 335000
X 22500  Y 345000
X 32500  Y 345000
X 22500  Y 355000
X 32500  Y 355000
X 42500  Y 355000
X 42500  Y 345000
X 42500  Y 335000
X 42500  Y 325000
X 42500  Y 315000
X 42500  Y 305000
X 42500  Y 295000
X 42500  Y 285000
X 42500  Y 275000
X 42500  Y 265000
X 42500  Y 255000
X 42500  Y 245000
X 42500  Y 235000
X 42500  Y 225000
X 42500  Y 215000
X 42500  Y 205000
X 42500  Y 195000
X 42500  Y 185000
X 60000  Y 185000
X 42500  Y 175000
X 60000  Y 175000
X 42500  Y 165000
X 42500  Y 155000
X 42500  Y 145000
X 42500  Y 135000
X 42500  Y 125000
X 42500  Y 115000
X 42500  Y 105000
X 42500  Y 95000
X 42500  Y 85000
X 42500  Y 75000
X 42500  Y 65000
X 42500  Y 55000
X 42500  Y 45000
X 128750  Y 157500
X 107500  Y 190000
X 130000  Y 207500
X 102500  Y 215000
X 137500  Y 223750
X 157500  Y 250000
X 233750  Y 265000
X 243750  Y 265000
X 166250  Y 133750
X 246250  Y 128750

Drill: .06  Tool: 5  Feed: 89  Speed: 550
X 81250  Y 20000
X 61250  Y 20000
X 71250  Y 30000
X 61250  Y 40000
X 81250  Y 40000
X 75000  Y 245000
X 85000  Y 255000
X 75000  Y 265000
X 92500  Y 300000
X 127500  Y 300000
X 112500  Y 300000
X 102500  Y 290000
X 92500  Y 280000
X 127500  Y 280000
X 112500  Y 280000
X 110000  Y 265000
X 95000  Y 265000
X 130000  Y 265000
X 120000  Y 255000
X 110000  Y 245000
X 130000  Y 245000
X 95000  Y 245000
X 116250  Y 40000
X 131250  Y 40000
X 96250  Y 40000
X 106250  Y 30000
X 96250  Y 20000
X 131250  Y 20000
X 116250  Y 20000
X 151250  Y 20000
X 141250  Y 30000
X 174064  Y 30000
X 151250  Y 40000
X 147500  Y 280000
X 182500  Y 280000
X 162500  Y 280000
X 172500  Y 290000
X 137500  Y 290000
X 182500  Y 300000
X 147500  Y 300000
X 162500  Y 300000
X 307500  Y 360000
X 327185  Y 360000
X 193750  Y 30000
X 400000  Y 20000
X 410000  Y 30000
X 400000  Y 40000
X 400000  Y 162500
X 410000  Y 172500
X 400000  Y 182500
X 420000  Y 182500
X 420000  Y 162500
X 420000  Y 40000
X 420000  Y 20000

Drill: .118  Tool: 6  Feed: 69  Speed: 658
X 12500  Y 25000
X 12500  Y 375000

End of Listing
